#
# A fatal error has been detected by the Java Runtime Environment:
#
#  SIGSEGV (0xb) at pc=0x0000000104ef00ad, pid=3947, tid=0x0000000000002c03
#
# JRE version: Java(TM) SE Runtime Environment (8.0_112-b16) (build 1.8.0_112-b16)
# Java VM: Java HotSpot(TM) 64-Bit Server VM (25.112-b16 mixed mode bsd-amd64 compressed oops)
# Problematic frame:
# V  [libjvm.dylib+0x2f00ad]
#
# Failed to write core dump. Core dumps have been disabled. To enable core dumping, try "ulimit -c unlimited" before starting Java again
#
# If you would like to submit a bug report, please visit:
#   http://bugreport.java.com/bugreport/crash.jsp
#

---------------  T H R E A D  ---------------

Current thread (0x00007f911902f800):  VMThread [stack: 0x0000700000629000,0x0000700000729000] [id=11267]

siginfo: si_signo: 11 (SIGSEGV), si_code: 1 (SEGV_MAPERR), si_addr: 0x0000000000000040

Registers:
RAX=0x0000000000000040, RBX=0x00000007c005c430, RCX=0x0000000000000000, RDX=0x0000000000000000
RSP=0x0000700000728960, RBP=0x0000700000728960, RSI=0x00007000007289f0, RDI=0x0000000000000000
R8 =0x0000000000000000, R9 =0x0000000000000001, R10=0x1d00000000000000, R11=0xffff900117f4e2f8
R12=0x000000000000000a, R13=0x0000000000002c00, R14=0x00007000002195e0, R15=0x00000007c005c430
RIP=0x0000000104ef00ad, EFLAGS=0x0000000000010202, ERR=0x0000000000000004
  TRAPNO=0x000000000000000e

Top of Stack: (sp=0x0000700000728960)
0x0000700000728960:   0000700000728a40 0000000104ea2b1f
0x0000700000728970:   010000002e000000 000020001c000000
0x0000700000728980:   00007000002195e0 0000000000000002
0x0000700000728990:   00007000007289c0 0000000104ea0c21
0x00007000007289a0:   0000000000000000 0000000000000002
0x00007000007289b0:   0000000000000001 0000000000000002
0x00007000007289c0:   0000700001000000 0000000104ea1b3c
0x00007000007289d0:   0000700000728a00 0000001d04faf02a
0x00007000007289e0:   4884c5bf07000000 0000000000009550
0x00007000007289f0:   0000000000000000 0000000000000000
0x0000700000728a00:   0000000000000000 3801c1bf07000000
0x0000700000728a10:   0000000000000000 00007f911840ad00
0x0000700000728a20:   000000000000000a 0000000000002c00
0x0000700000728a30:   0000000104ea1b7a 00000007c005c430
0x0000700000728a40:   0000700000728a70 0000000104d8daac
0x0000700000728a50:   000000000000000a 0000700000219550
0x0000700000728a60:   0000000104ea151c 0000000105451da0
0x0000700000728a70:   0000700000728b60 0000000104ea0715
0x0000700000728a80:   0000700000728aa0 0000700000728b30
0x0000700000728a90:   0000700000728b58 0000700000728b30
0x0000700000728aa0:   0000700000728be0 00000001050e17be
0x0000700000728ab0:   0000000000000002 0000000105220100
0x0000700000728ac0:   0000000000000000 0000000000000000
0x0000700000728ad0:   fa0073777c151200 0000700000728c20
0x0000700000728ae0:   0000700000728ca8 0000000000002c00
0x0000700000728af0:   00000001054ce850 00007000002195e0
0x0000700000728b00:   00007f911902f800 00007f911850dcd0
0x0000700000728b10:   00007f911850dd10 00007f911850dd20
0x0000700000728b20:   00007f911850ddf8 00000000000000d8
0x0000700000728b30:   0000700000728da8 0000000000000000
0x0000700000728b40:   7304938669010000 0800000000728b00
0x0000700000728b50:   0000700000219550 0000000000000000 

Instructions: (pc=0x0000000104ef00ad)
0x0000000104ef008d:   04 07 5d c3 31 c0 5d c3 90 55 48 89 e5 48 8d 05
0x0000000104ef009d:   7f 6d 5f 00 80 38 00 48 63 05 8d 77 5f 00 74 1e
0x0000000104ef00ad:   8b 04 07 48 85 c0 75 04 31 c0 eb 16 48 8d 15 d0
0x0000000104ef00bd:   d9 54 00 8a 4a 08 48 d3 e0 48 03 02 eb 04 48 8b 

Register to memory mapping:

RAX=0x0000000000000040 is an unknown value
RBX=0x00000007c005c430 is pointing into metadata
RCX=0x0000000000000000 is an unknown value
RDX=0x0000000000000000 is an unknown value
RSP=0x0000700000728960 is an unknown value
RBP=0x0000700000728960 is an unknown value
RSI=0x00007000007289f0 is an unknown value
RDI=0x0000000000000000 is an unknown value
R8 =0x0000000000000000 is an unknown value
R9 =0x0000000000000001 is an unknown value
R10=0x1d00000000000000 is an unknown value
R11=0xffff900117f4e2f8 is an unknown value
R12=0x000000000000000a is an unknown value
R13=0x0000000000002c00 is an unknown value
R14=0x00007000002195e0 is pointing into the stack for thread: 0x00007f9119004000
R15=0x00000007c005c430 is pointing into metadata


Stack: [0x0000700000629000,0x0000700000729000],  sp=0x0000700000728960,  free space=1022k
Native frames: (J=compiled Java code, j=interpreted, Vv=VM code, C=native code)
V  [libjvm.dylib+0x2f00ad]
V  [libjvm.dylib+0x2a2b1f]
V  [libjvm.dylib+0x18daac]
V  [libjvm.dylib+0x2a0715]
V  [libjvm.dylib+0x5b8529]
V  [libjvm.dylib+0x5b6b95]
V  [libjvm.dylib+0x5b6fe2]
V  [libjvm.dylib+0x5b6901]
V  [libjvm.dylib+0x48a7ae]
C  [libsystem_pthread.dylib+0x399d]  _pthread_body+0x83
C  [libsystem_pthread.dylib+0x391a]  _pthread_body+0x0
C  [libsystem_pthread.dylib+0x1351]  thread_start+0xd

VM_Operation (0x0000700000219550): HeapDumper, mode: safepoint, requested by thread 0x00007f9119004000


---------------  P R O C E S S  ---------------

Java Threads: ( => current thread )
  0x00007f911a0ca000 JavaThread "Attach Listener" daemon [_thread_blocked, id=20227, stack(0x000070000114d000,0x000070000124d000)]
  0x00007f9118858000 JavaThread "Service Thread" daemon [_thread_blocked, id=19203, stack(0x0000700000f47000,0x0000700001047000)]
  0x00007f9119069800 JavaThread "C1 CompilerThread2" daemon [_thread_blocked, id=18691, stack(0x0000700000e44000,0x0000700000f44000)]
  0x00007f9119069000 JavaThread "C2 CompilerThread1" daemon [_thread_blocked, id=18179, stack(0x0000700000d41000,0x0000700000e41000)]
  0x00007f911a05f000 JavaThread "C2 CompilerThread0" daemon [_thread_blocked, id=17667, stack(0x0000700000c3e000,0x0000700000d3e000)]
  0x00007f911a050800 JavaThread "Monitor Ctrl-Break" daemon [_thread_in_native, id=17155, stack(0x0000700000b3b000,0x0000700000c3b000)]
  0x00007f911a002000 JavaThread "Signal Dispatcher" daemon [_thread_blocked, id=12815, stack(0x0000700000a38000,0x0000700000b38000)]
  0x00007f9119037000 JavaThread "Finalizer" daemon [_thread_blocked, id=12291, stack(0x000070000082f000,0x000070000092f000)]
  0x00007f9119034000 JavaThread "Reference Handler" daemon [_thread_blocked, id=11779, stack(0x000070000072c000,0x000070000082c000)]
  0x00007f9119004000 JavaThread "main" [_thread_blocked, id=5891, stack(0x000070000011a000,0x000070000021a000)]

Other Threads:
=>0x00007f911902f800 VMThread [stack: 0x0000700000629000,0x0000700000729000] [id=11267]
  0x00007f9119855800 WatcherThread [stack: 0x000070000104a000,0x000070000114a000] [id=19715]

VM state:at safepoint (normal execution)

VM Mutex/Monitor currently owned by a thread:  ([mutex/lock_event])
[0x00007f91186070a0] Threads_lock - owner thread: 0x00007f911902f800
[0x00007f91186075a0] Heap_lock - owner thread: 0x00007f9119004000

Heap:
 PSYoungGen      total 1536K, used 1024K [0x00000007bfe00000, 0x00000007c0000000, 0x00000007c0000000)
  eden space 1024K, 100% used [0x00000007bfe00000,0x00000007bff00000,0x00000007bff00000)
  from space 512K, 0% used [0x00000007bff00000,0x00000007bff00000,0x00000007bff80000)
  to   space 512K, 0% used [0x00000007bff80000,0x00000007bff80000,0x00000007c0000000)
 ParOldGen       total 4096K, used 4032K [0x00000007bfa00000, 0x00000007bfe00000, 0x00000007bfe00000)
  object space 4096K, 98% used [0x00000007bfa00000,0x00000007bfdf0360,0x00000007bfe00000)
 Metaspace       used 3320K, capacity 4496K, committed 4864K, reserved 1056768K
  class space    used 372K, capacity 388K, committed 512K, reserved 1048576K

Card table byte_map: [0x00000001043fa000,0x00000001043fe000] byte_map_base: 0x00000001005fd000

Marking Bits: (ParMarkBitMap*) 0x00000001054f0d30
 Begin Bits: [0x0000000114feb000, 0x0000000115003000)
 End Bits:   [0x0000000115003000, 0x000000011501b000)

Polling page: 0x00000001043e6000

CodeCache: size=245760Kb used=1120Kb max_used=1130Kb free=244639Kb
 bounds [0x0000000105c2b000, 0x0000000105e9b000, 0x0000000114c2b000]
 total_blobs=283 nmethods=36 adapters=162
 compilation: enabled

Compilation events (10 events):
Event: 0.329 Thread 0x00007f9119069000 nmethod 32 0x0000000105d3e410 code [0x0000000105d3e560, 0x0000000105d3e5b8]
Event: 0.330 Thread 0x00007f911a05f000 nmethod 31 0x0000000105d3df50 code [0x0000000105d3e0c0, 0x0000000105d3e268]
Event: 0.340 Thread 0x00007f9119069800   33 %     3       com.shengsiyuan.jvm.memory.MyTest1::main @ 8 (25 bytes)
Event: 0.341 Thread 0x00007f9119069800 nmethod 33% 0x0000000105d44950 code [0x0000000105d44b00, 0x0000000105d45088]
Event: 0.344 Thread 0x00007f9119069800   34       3       com.shengsiyuan.jvm.memory.MyTest1::main (25 bytes)
Event: 0.345 Thread 0x00007f9119069800 nmethod 34 0x0000000105d439d0 code [0x0000000105d43bc0, 0x0000000105d44468]
Event: 0.345 Thread 0x00007f9119069000   35 %     4       com.shengsiyuan.jvm.memory.MyTest1::main @ 8 (25 bytes)
Event: 0.454 Thread 0x00007f9119069000 nmethod 35% 0x0000000105d41e50 code [0x0000000105d41fe0, 0x0000000105d42248]
Event: 2.380 Thread 0x00007f9119069800   36       3       java.lang.String::equals (81 bytes)
Event: 2.380 Thread 0x00007f9119069800 nmethod 36 0x0000000105d41590 code [0x0000000105d41720, 0x0000000105d41c70]

GC Heap History (10 events):
Event: 2.242 GC heap before
{Heap before GC invocations=64 (full 57):
 PSYoungGen      total 1536K, used 1024K [0x00000007bfe00000, 0x00000007c0000000, 0x00000007c0000000)
  eden space 1024K, 100% used [0x00000007bfe00000,0x00000007bff00000,0x00000007bff00000)
  from space 512K, 0% used [0x00000007bff00000,0x00000007bff00000,0x00000007bff80000)
  to   space 512K, 0% used [0x00000007bff80000,0x00000007bff80000,0x00000007c0000000)
 ParOldGen       total 4096K, used 4024K [0x00000007bfa00000, 0x00000007bfe00000, 0x00000007bfe00000)
  object space 4096K, 98% used [0x00000007bfa00000,0x00000007bfdee3f0,0x00000007bfe00000)
 Metaspace       used 3315K, capacity 4496K, committed 4864K, reserved 1056768K
  class space    used 371K, capacity 388K, committed 512K, reserved 1048576K
Event: 2.269 GC heap after
Heap after GC invocations=64 (full 57):
 PSYoungGen      total 1536K, used 1024K [0x00000007bfe00000, 0x00000007c0000000, 0x00000007c0000000)
  eden space 1024K, 100% used [0x00000007bfe00000,0x00000007bff00000,0x00000007bff00000)
  from space 512K, 0% used [0x00000007bff00000,0x00000007bff00000,0x00000007bff80000)
  to   space 512K, 0% used [0x00000007bff80000,0x00000007bff80000,0x00000007c0000000)
 ParOldGen       total 4096K, used 4024K [0x00000007bfa00000, 0x00000007bfe00000, 0x00000007bfe00000)
  object space 4096K, 98% used [0x00000007bfa00000,0x00000007bfdee3f0,0x00000007bfe00000)
 Metaspace       used 3315K, capacity 4496K, committed 4864K, reserved 1056768K
  class space    used 371K, capacity 388K, committed 512K, reserved 1048576K
}
Event: 2.269 GC heap before
{Heap before GC invocations=65 (full 58):
 PSYoungGen      total 1536K, used 1024K [0x00000007bfe00000, 0x00000007c0000000, 0x00000007c0000000)
  eden space 1024K, 100% used [0x00000007bfe00000,0x00000007bff00000,0x00000007bff00000)
  from space 512K, 0% used [0x00000007bff00000,0x00000007bff00000,0x00000007bff80000)
  to   space 512K, 0% used [0x00000007bff80000,0x00000007bff80000,0x00000007c0000000)
 ParOldGen       total 4096K, used 4026K [0x00000007bfa00000, 0x00000007bfe00000, 0x00000007bfe00000)
  object space 4096K, 98% used [0x00000007bfa00000,0x00000007bfdee810,0x00000007bfe00000)
 Metaspace       used 3315K, capacity 4496K, committed 4864K, reserved 1056768K
  class space    used 371K, capacity 388K, committed 512K, reserved 1048576K
Event: 2.296 GC heap after
Heap after GC invocations=65 (full 58):
 PSYoungGen      total 1536K, used 1024K [0x00000007bfe00000, 0x00000007c0000000, 0x00000007c0000000)
  eden space 1024K, 100% used [0x00000007bfe00000,0x00000007bff00000,0x00000007bff00000)
  from space 512K, 0% used [0x00000007bff00000,0x00000007bff00000,0x00000007bff80000)
  to   space 512K, 0% used [0x00000007bff80000,0x00000007bff80000,0x00000007c0000000)
 ParOldGen       total 4096K, used 4026K [0x00000007bfa00000, 0x00000007bfe00000, 0x00000007bfe00000)
  object space 4096K, 98% used [0x00000007bfa00000,0x00000007bfdee810,0x00000007bfe00000)
 Metaspace       used 3315K, capacity 4496K, committed 4864K, reserved 1056768K
  class space    used 371K, capacity 388K, committed 512K, reserved 1048576K
}
Event: 2.297 GC heap before
{Heap before GC invocations=66 (full 59):
 PSYoungGen      total 1536K, used 1024K [0x00000007bfe00000, 0x00000007c0000000, 0x00000007c0000000)
  eden space 1024K, 100% used [0x00000007bfe00000,0x00000007bff00000,0x00000007bff00000)
  from space 512K, 0% used [0x00000007bff00000,0x00000007bff00000,0x00000007bff80000)
  to   space 512K, 0% used [0x00000007bff80000,0x00000007bff80000,0x00000007c0000000)
 ParOldGen       total 4096K, used 4027K [0x00000007bfa00000, 0x00000007bfe00000, 0x00000007bfe00000)
  object space 4096K, 98% used [0x00000007bfa00000,0x00000007bfdeec20,0x00000007bfe00000)
 Metaspace       used 3315K, capacity 4496K, committed 4864K, reserved 1056768K
  class space    used 371K, capacity 388K, committed 512K, reserved 1048576K
Event: 2.328 GC heap after
Heap after GC invocations=66 (full 59):
 PSYoungGen      total 1536K, used 1024K [0x00000007bfe00000, 0x00000007c0000000, 0x00000007c0000000)
  eden space 1024K, 100% used [0x00000007bfe00000,0x00000007bff00000,0x00000007bff00000)
  from space 512K, 0% used [0x00000007bff00000,0x00000007bff00000,0x00000007bff80000)
  to   space 512K, 0% used [0x00000007bff80000,0x00000007bff80000,0x00000007c0000000)
 ParOldGen       total 4096K, used 4027K [0x00000007bfa00000, 0x00000007bfe00000, 0x00000007bfe00000)
  object space 4096K, 98% used [0x00000007bfa00000,0x00000007bfdeec20,0x00000007bfe00000)
 Metaspace       used 3315K, capacity 4496K, committed 4864K, reserved 1056768K
  class space    used 371K, capacity 388K, committed 512K, reserved 1048576K
}
Event: 2.329 GC heap before
{Heap before GC invocations=67 (full 60):
 PSYoungGen      total 1536K, used 1024K [0x00000007bfe00000, 0x00000007c0000000, 0x00000007c0000000)
  eden space 1024K, 100% used [0x00000007bfe00000,0x00000007bff00000,0x00000007bff00000)
  from space 512K, 0% used [0x00000007bff00000,0x00000007bff00000,0x00000007bff80000)
  to   space 512K, 0% used [0x00000007bff80000,0x00000007bff80000,0x00000007c0000000)
 ParOldGen       total 4096K, used 4028K [0x00000007bfa00000, 0x00000007bfe00000, 0x00000007bfe00000)
  object space 4096K, 98% used [0x00000007bfa00000,0x00000007bfdef040,0x00000007bfe00000)
 Metaspace       used 3315K, capacity 4496K, committed 4864K, reserved 1056768K
  class space    used 371K, capacity 388K, committed 512K, reserved 1048576K
Event: 2.354 GC heap after
Heap after GC invocations=67 (full 60):
 PSYoungGen      total 1536K, used 1024K [0x00000007bfe00000, 0x00000007c0000000, 0x00000007c0000000)
  eden space 1024K, 100% used [0x00000007bfe00000,0x00000007bff00000,0x00000007bff00000)
  from space 512K, 0% used [0x00000007bff00000,0x00000007bff00000,0x00000007bff80000)
  to   space 512K, 0% used [0x00000007bff80000,0x00000007bff80000,0x00000007c0000000)
 ParOldGen       total 4096K, used 4028K [0x00000007bfa00000, 0x00000007bfe00000, 0x00000007bfe00000)
  object space 4096K, 98% used [0x00000007bfa00000,0x00000007bfdef040,0x00000007bfe00000)
 Metaspace       used 3315K, capacity 4496K, committed 4864K, reserved 1056768K
  class space    used 371K, capacity 388K, committed 512K, reserved 1048576K
}
Event: 2.354 GC heap before
{Heap before GC invocations=68 (full 61):
 PSYoungGen      total 1536K, used 1024K [0x00000007bfe00000, 0x00000007c0000000, 0x00000007c0000000)
  eden space 1024K, 100% used [0x00000007bfe00000,0x00000007bff00000,0x00000007bff00000)
  from space 512K, 0% used [0x00000007bff00000,0x00000007bff00000,0x00000007bff80000)
  to   space 512K, 0% used [0x00000007bff80000,0x00000007bff80000,0x00000007c0000000)
 ParOldGen       total 4096K, used 4029K [0x00000007bfa00000, 0x00000007bfe00000, 0x00000007bfe00000)
  object space 4096K, 98% used [0x00000007bfa00000,0x00000007bfdef460,0x00000007bfe00000)
 Metaspace       used 3315K, capacity 4496K, committed 4864K, reserved 1056768K
  class space    used 371K, capacity 388K, committed 512K, reserved 1048576K
Event: 2.380 GC heap after
Heap after GC invocations=68 (full 61):
 PSYoungGen      total 1536K, used 1024K [0x00000007bfe00000, 0x00000007c0000000, 0x00000007c0000000)
  eden space 1024K, 100% used [0x00000007bfe00000,0x00000007bff00000,0x00000007bff00000)
  from space 512K, 0% used [0x00000007bff00000,0x00000007bff00000,0x00000007bff80000)
  to   space 512K, 0% used [0x00000007bff80000,0x00000007bff80000,0x00000007c0000000)
 ParOldGen       total 4096K, used 4029K [0x00000007bfa00000, 0x00000007bfe00000, 0x00000007bfe00000)
  object space 4096K, 98% used [0x00000007bfa00000,0x00000007bfdef418,0x00000007bfe00000)
 Metaspace       used 3315K, capacity 4496K, committed 4864K, reserved 1056768K
  class space    used 371K, capacity 388K, committed 512K, reserved 1048576K
}

Deoptimization events (0 events):
No events

Internal exceptions (10 events):
Event: 0.216 Thread 0x00007f9119004000 Exception <a 'java/security/PrivilegedActionException'> (0x00000007bfedce40) thrown at [/Users/java_re/workspace/8-2-build-macosx-x86_64/jdk8u112/7935/hotspot/src/share/vm/prims/jvm.cpp, line 1390]
Event: 0.217 Thread 0x00007f9119004000 Exception <a 'java/util/zip/ZipException'> (0x00000007bfeddbf0) thrown at [/Users/java_re/workspace/8-2-build-macosx-x86_64/jdk8u112/7935/hotspot/src/share/vm/prims/jni.cpp, line 709]
Event: 0.217 Thread 0x00007f9119004000 Exception <a 'java/security/PrivilegedActionException'> (0x00000007bfedddf8) thrown at [/Users/java_re/workspace/8-2-build-macosx-x86_64/jdk8u112/7935/hotspot/src/share/vm/prims/jvm.cpp, line 1390]
Event: 0.217 Thread 0x00007f9119004000 Exception <a 'java/security/PrivilegedActionException'> (0x00000007bfede008) thrown at [/Users/java_re/workspace/8-2-build-macosx-x86_64/jdk8u112/7935/hotspot/src/share/vm/prims/jvm.cpp, line 1390]
Event: 0.218 Thread 0x00007f9119004000 Exception <a 'java/util/zip/ZipException'> (0x00000007bfeded88) thrown at [/Users/java_re/workspace/8-2-build-macosx-x86_64/jdk8u112/7935/hotspot/src/share/vm/prims/jni.cpp, line 709]
Event: 0.218 Thread 0x00007f9119004000 Exception <a 'java/security/PrivilegedActionException'> (0x00000007bfedef90) thrown at [/Users/java_re/workspace/8-2-build-macosx-x86_64/jdk8u112/7935/hotspot/src/share/vm/prims/jvm.cpp, line 1390]
Event: 0.218 Thread 0x00007f9119004000 Exception <a 'java/security/PrivilegedActionException'> (0x00000007bfedf1a0) thrown at [/Users/java_re/workspace/8-2-build-macosx-x86_64/jdk8u112/7935/hotspot/src/share/vm/prims/jvm.cpp, line 1390]
Event: 0.228 Thread 0x00007f9119004000 Exception <a 'java/util/zip/ZipException'> (0x00000007bfeecdd8) thrown at [/Users/java_re/workspace/8-2-build-macosx-x86_64/jdk8u112/7935/hotspot/src/share/vm/prims/jni.cpp, line 709]
Event: 0.228 Thread 0x00007f9119004000 Exception <a 'java/security/PrivilegedActionException'> (0x00000007bfeecfe0) thrown at [/Users/java_re/workspace/8-2-build-macosx-x86_64/jdk8u112/7935/hotspot/src/share/vm/prims/jvm.cpp, line 1390]
Event: 0.228 Thread 0x00007f9119004000 Exception <a 'java/security/PrivilegedActionException'> (0x00000007bfeed1f0) thrown at [/Users/java_re/workspace/8-2-build-macosx-x86_64/jdk8u112/7935/hotspot/src/share/vm/prims/jvm.cpp, line 1390]

Events (10 events):
Event: 2.269 Executing VM operation: ParallelGCFailedAllocation
Event: 2.297 Executing VM operation: ParallelGCFailedAllocation done
Event: 2.297 Executing VM operation: ParallelGCFailedAllocation
Event: 2.329 Executing VM operation: ParallelGCFailedAllocation done
Event: 2.329 Executing VM operation: ParallelGCFailedAllocation
Event: 2.354 Executing VM operation: ParallelGCFailedAllocation done
Event: 2.354 Executing VM operation: ParallelGCFailedAllocation
Event: 2.380 Executing VM operation: ParallelGCFailedAllocation done
Event: 2.380 loading class sun/nio/cs/ISO_8859_1$Encoder
Event: 2.381 Executing VM operation: HeapDumper


Dynamic libraries:
0x000000000b0bc000 	/System/Library/Frameworks/Cocoa.framework/Versions/A/Cocoa
0x000000000b0bc000 	/System/Library/Frameworks/Security.framework/Versions/A/Security
0x000000000b0bc000 	/System/Library/Frameworks/ApplicationServices.framework/Versions/A/ApplicationServices
0x000000000b0bc000 	/usr/lib/libz.1.dylib
0x000000000b0bc000 	/usr/lib/libSystem.B.dylib
0x000000000b0bc000 	/usr/lib/libobjc.A.dylib
0x000000000b0bc000 	/System/Library/Frameworks/CoreFoundation.framework/Versions/A/CoreFoundation
0x000000000b0bc000 	/System/Library/Frameworks/Foundation.framework/Versions/C/Foundation
0x000000000b0bc000 	/System/Library/Frameworks/AppKit.framework/Versions/C/AppKit
0x000000000b0bc000 	/System/Library/Frameworks/CoreData.framework/Versions/A/CoreData
0x000000000b0bc000 	/System/Library/PrivateFrameworks/RemoteViewServices.framework/Versions/A/RemoteViewServices
0x000000000b0bc000 	/System/Library/PrivateFrameworks/UIFoundation.framework/Versions/A/UIFoundation
0x000000000b0bc000 	/usr/lib/libScreenReader.dylib
0x000000000b0bc000 	/System/Library/Frameworks/Accelerate.framework/Versions/A/Accelerate
0x000000000b0bc000 	/System/Library/Frameworks/IOSurface.framework/Versions/A/IOSurface
0x000000000b0bc000 	/System/Library/Frameworks/AudioToolbox.framework/Versions/A/AudioToolbox
0x000000000b0bc000 	/System/Library/Frameworks/AudioUnit.framework/Versions/A/AudioUnit
0x000000000b0bc000 	/System/Library/PrivateFrameworks/DataDetectorsCore.framework/Versions/A/DataDetectorsCore
0x000000000b0bc000 	/System/Library/PrivateFrameworks/DesktopServicesPriv.framework/Versions/A/DesktopServicesPriv
0x000000000b0bc000 	/System/Library/Frameworks/Carbon.framework/Versions/A/Frameworks/HIToolbox.framework/Versions/A/HIToolbox
0x000000000b0bc000 	/System/Library/Frameworks/QuartzCore.framework/Versions/A/QuartzCore
0x000000000b0bc000 	/System/Library/Frameworks/Carbon.framework/Versions/A/Frameworks/SpeechRecognition.framework/Versions/A/SpeechRecognition
0x000000000b0bc000 	/usr/lib/libauto.dylib
0x000000000b0bc000 	/usr/lib/libicucore.A.dylib
0x000000000b0bc000 	/usr/lib/libxml2.2.dylib
0x000000000b0bc000 	/System/Library/PrivateFrameworks/CoreUI.framework/Versions/A/CoreUI
0x000000000b0bc000 	/System/Library/Frameworks/CoreAudio.framework/Versions/A/CoreAudio
0x000000000b0bc000 	/System/Library/Frameworks/DiskArbitration.framework/Versions/A/DiskArbitration
0x000000000b0bc000 	/usr/lib/liblangid.dylib
0x000000000b0bc000 	/System/Library/PrivateFrameworks/MultitouchSupport.framework/Versions/A/MultitouchSupport
0x000000000b0bc000 	/System/Library/Frameworks/IOKit.framework/Versions/A/IOKit
0x000000000b0bc000 	/usr/lib/libDiagnosticMessagesClient.dylib
0x000000000b0bc000 	/System/Library/Frameworks/CoreServices.framework/Versions/A/CoreServices
0x000000000b0bc000 	/System/Library/PrivateFrameworks/PerformanceAnalysis.framework/Versions/A/PerformanceAnalysis
0x000000000b0bc000 	/System/Library/PrivateFrameworks/GenerationalStorage.framework/Versions/A/GenerationalStorage
0x000000000b0bc000 	/System/Library/Frameworks/OpenGL.framework/Versions/A/OpenGL
0x000000000b0bc000 	/System/Library/PrivateFrameworks/Sharing.framework/Versions/A/Sharing
0x000000000b0bc000 	/System/Library/Frameworks/CoreGraphics.framework/Versions/A/CoreGraphics
0x000000000b0bc000 	/System/Library/Frameworks/CoreImage.framework/Versions/A/CoreImage
0x000000000b0bc000 	/System/Library/Frameworks/CoreText.framework/Versions/A/CoreText
0x000000000b0bc000 	/System/Library/Frameworks/ImageIO.framework/Versions/A/ImageIO
0x000000000b0bc000 	/System/Library/PrivateFrameworks/Backup.framework/Versions/A/Backup
0x000000000b0bc000 	/usr/lib/libextension.dylib
0x000000000b0bc000 	/usr/lib/libarchive.2.dylib
0x000000000b0bc000 	/System/Library/Frameworks/CFNetwork.framework/Versions/A/CFNetwork
0x000000000b0bc000 	/System/Library/Frameworks/SystemConfiguration.framework/Versions/A/SystemConfiguration
0x000000000b0bc000 	/usr/lib/libCRFSuite.dylib
0x000000000b0bc000 	/usr/lib/libc++.1.dylib
0x000000000b0bc000 	/usr/lib/libc++abi.dylib
0x000000000b0bc000 	/usr/lib/system/libcache.dylib
0x000000000b0bc000 	/usr/lib/system/libcommonCrypto.dylib
0x000000000b0bc000 	/usr/lib/system/libcompiler_rt.dylib
0x000000000b0bc000 	/usr/lib/system/libcopyfile.dylib
0x000000000b0bc000 	/usr/lib/system/libcorecrypto.dylib
0x000000000b0bc000 	/usr/lib/system/libdispatch.dylib
0x000000000b0bc000 	/usr/lib/system/libdyld.dylib
0x000000000b0bc000 	/usr/lib/system/libkeymgr.dylib
0x000000000b0bc000 	/usr/lib/system/liblaunch.dylib
0x000000000b0bc000 	/usr/lib/system/libmacho.dylib
0x000000000b0bc000 	/usr/lib/system/libquarantine.dylib
0x000000000b0bc000 	/usr/lib/system/libremovefile.dylib
0x000000000b0bc000 	/usr/lib/system/libsystem_asl.dylib
0x000000000b0bc000 	/usr/lib/system/libsystem_blocks.dylib
0x000000000b0bc000 	/usr/lib/system/libsystem_c.dylib
0x000000000b0bc000 	/usr/lib/system/libsystem_configuration.dylib
0x000000000b0bc000 	/usr/lib/system/libsystem_coreservices.dylib
0x000000000b0bc000 	/usr/lib/system/libsystem_coretls.dylib
0x000000000b0bc000 	/usr/lib/system/libsystem_dnssd.dylib
0x000000000b0bc000 	/usr/lib/system/libsystem_info.dylib
0x000000000b0bc000 	/usr/lib/system/libsystem_kernel.dylib
0x000000000b0bc000 	/usr/lib/system/libsystem_m.dylib
0x000000000b0bc000 	/usr/lib/system/libsystem_malloc.dylib
0x000000000b0bc000 	/usr/lib/system/libsystem_network.dylib
0x000000000b0bc000 	/usr/lib/system/libsystem_networkextension.dylib
0x000000000b0bc000 	/usr/lib/system/libsystem_notify.dylib
0x000000000b0bc000 	/usr/lib/system/libsystem_platform.dylib
0x000000000b0bc000 	/usr/lib/system/libsystem_pthread.dylib
0x000000000b0bc000 	/usr/lib/system/libsystem_sandbox.dylib
0x000000000b0bc000 	/usr/lib/system/libsystem_secinit.dylib
0x000000000b0bc000 	/usr/lib/system/libsystem_trace.dylib
0x000000000b0bc000 	/usr/lib/system/libunc.dylib
0x000000000b0bc000 	/usr/lib/system/libunwind.dylib
0x000000000b0bc000 	/usr/lib/system/libxpc.dylib
0x000000000b0bc000 	/usr/lib/libenergytrace.dylib
0x000000000b0bc000 	/usr/lib/libbsm.0.dylib
0x000000000b0bc000 	/usr/lib/system/libkxld.dylib
0x000000000b0bc000 	/usr/lib/libxar.1.dylib
0x000000000b0bc000 	/usr/lib/libsqlite3.dylib
0x000000000b0bc000 	/usr/lib/libpam.2.dylib
0x000000000b0bc000 	/usr/lib/libOpenScriptingUtil.dylib
0x000000000b0bc000 	/usr/lib/libbz2.1.0.dylib
0x000000000b0bc000 	/usr/lib/liblzma.5.dylib
0x000000000b0bc000 	/System/Library/Frameworks/CoreServices.framework/Versions/A/Frameworks/FSEvents.framework/Versions/A/FSEvents
0x000000000b0bc000 	/System/Library/Frameworks/CoreServices.framework/Versions/A/Frameworks/CarbonCore.framework/Versions/A/CarbonCore
0x000000000b0bc000 	/System/Library/Frameworks/CoreServices.framework/Versions/A/Frameworks/Metadata.framework/Versions/A/Metadata
0x000000000b0bc000 	/System/Library/Frameworks/CoreServices.framework/Versions/A/Frameworks/OSServices.framework/Versions/A/OSServices
0x000000000b0bc000 	/System/Library/Frameworks/CoreServices.framework/Versions/A/Frameworks/SearchKit.framework/Versions/A/SearchKit
0x000000000b0bc000 	/System/Library/Frameworks/CoreServices.framework/Versions/A/Frameworks/AE.framework/Versions/A/AE
0x000000000b0bc000 	/System/Library/Frameworks/CoreServices.framework/Versions/A/Frameworks/LaunchServices.framework/Versions/A/LaunchServices
0x000000000b0bc000 	/System/Library/Frameworks/CoreServices.framework/Versions/A/Frameworks/DictionaryServices.framework/Versions/A/DictionaryServices
0x000000000b0bc000 	/System/Library/Frameworks/CoreServices.framework/Versions/A/Frameworks/SharedFileList.framework/Versions/A/SharedFileList
0x000000000b0bc000 	/System/Library/Frameworks/NetFS.framework/Versions/A/NetFS
0x000000000b0bc000 	/System/Library/PrivateFrameworks/NetAuth.framework/Versions/A/NetAuth
0x000000000b0bc000 	/System/Library/PrivateFrameworks/login.framework/Versions/A/Frameworks/loginsupport.framework/Versions/A/loginsupport
0x000000000b0bc000 	/System/Library/PrivateFrameworks/TCC.framework/Versions/A/TCC
0x000000000b0bc000 	/usr/lib/libmecabra.dylib
0x000000000b0bc000 	/System/Library/Frameworks/ApplicationServices.framework/Versions/A/Frameworks/ATS.framework/Versions/A/ATS
0x000000000b0bc000 	/System/Library/Frameworks/ApplicationServices.framework/Versions/A/Frameworks/ColorSync.framework/Versions/A/ColorSync
0x000000000b0bc000 	/System/Library/Frameworks/ApplicationServices.framework/Versions/A/Frameworks/HIServices.framework/Versions/A/HIServices
0x000000000b0bc000 	/System/Library/Frameworks/ApplicationServices.framework/Versions/A/Frameworks/LangAnalysis.framework/Versions/A/LangAnalysis
0x000000000b0bc000 	/System/Library/Frameworks/ApplicationServices.framework/Versions/A/Frameworks/PrintCore.framework/Versions/A/PrintCore
0x000000000b0bc000 	/System/Library/Frameworks/ApplicationServices.framework/Versions/A/Frameworks/QD.framework/Versions/A/QD
0x000000000b0bc000 	/System/Library/Frameworks/ApplicationServices.framework/Versions/A/Frameworks/SpeechSynthesis.framework/Versions/A/SpeechSynthesis
0x000000000b0bc000 	/System/Library/Frameworks/Metal.framework/Versions/A/Metal
0x000000000b0bc000 	/System/Library/Frameworks/Accelerate.framework/Versions/A/Frameworks/vImage.framework/Versions/A/vImage
0x000000000b0bc000 	/System/Library/Frameworks/Accelerate.framework/Versions/A/Frameworks/vecLib.framework/Versions/A/vecLib
0x000000000b0bc000 	/System/Library/Frameworks/Accelerate.framework/Versions/A/Frameworks/vecLib.framework/Versions/A/libvDSP.dylib
0x000000000b0bc000 	/System/Library/Frameworks/Accelerate.framework/Versions/A/Frameworks/vecLib.framework/Versions/A/libvMisc.dylib
0x000000000b0bc000 	/System/Library/Frameworks/Accelerate.framework/Versions/A/Frameworks/vecLib.framework/Versions/A/libLAPACK.dylib
0x000000000b0bc000 	/System/Library/Frameworks/Accelerate.framework/Versions/A/Frameworks/vecLib.framework/Versions/A/libBLAS.dylib
0x000000000b0bc000 	/System/Library/Frameworks/Accelerate.framework/Versions/A/Frameworks/vecLib.framework/Versions/A/libLinearAlgebra.dylib
0x000000000b0bc000 	/System/Library/Frameworks/Accelerate.framework/Versions/A/Frameworks/vecLib.framework/Versions/A/libSparseBLAS.dylib
0x000000000b0bc000 	/System/Library/PrivateFrameworks/GPUCompiler.framework/libmetal_timestamp.dylib
0x000000000b0bc000 	/System/Library/Frameworks/OpenGL.framework/Versions/A/Libraries/libCoreFSCache.dylib
0x000000000b0bc000 	/System/Library/PrivateFrameworks/IOAccelerator.framework/Versions/A/IOAccelerator
0x000000000b0bc000 	/System/Library/Frameworks/ApplicationServices.framework/Versions/A/Frameworks/ATS.framework/Versions/A/Resources/libFontParser.dylib
0x000000000b0bc000 	/System/Library/Frameworks/ApplicationServices.framework/Versions/A/Frameworks/ATS.framework/Versions/A/Resources/libFontRegistry.dylib
0x000000000b0bc000 	/System/Library/PrivateFrameworks/AppleVPA.framework/Versions/A/AppleVPA
0x000000000b0bc000 	/System/Library/PrivateFrameworks/AppleJPEG.framework/Versions/A/AppleJPEG
0x000000000b0bc000 	/System/Library/Frameworks/ImageIO.framework/Versions/A/Resources/libJPEG.dylib
0x000000000b0bc000 	/System/Library/Frameworks/ImageIO.framework/Versions/A/Resources/libTIFF.dylib
0x000000000b0bc000 	/System/Library/Frameworks/ImageIO.framework/Versions/A/Resources/libPng.dylib
0x000000000b0bc000 	/System/Library/Frameworks/ImageIO.framework/Versions/A/Resources/libGIF.dylib
0x000000000b0bc000 	/System/Library/Frameworks/ImageIO.framework/Versions/A/Resources/libJP2.dylib
0x000000000b0bc000 	/System/Library/Frameworks/ImageIO.framework/Versions/A/Resources/libRadiance.dylib
0x000000000b0bc000 	/System/Library/Frameworks/CoreVideo.framework/Versions/A/CoreVideo
0x000000000b0bc000 	/System/Library/Frameworks/OpenGL.framework/Versions/A/Libraries/libGLU.dylib
0x000000000b0bc000 	/System/Library/Frameworks/OpenGL.framework/Versions/A/Libraries/libGFXShared.dylib
0x000000000b0bc000 	/System/Library/Frameworks/OpenGL.framework/Versions/A/Libraries/libGL.dylib
0x000000000b0bc000 	/System/Library/Frameworks/OpenGL.framework/Versions/A/Libraries/libGLImage.dylib
0x000000000b0bc000 	/System/Library/Frameworks/OpenGL.framework/Versions/A/Libraries/libCVMSPluginSupport.dylib
0x000000000b0bc000 	/System/Library/Frameworks/OpenGL.framework/Versions/A/Libraries/libCoreVMClient.dylib
0x000000000b0bc000 	/usr/lib/libcompression.dylib
0x000000000b0bc000 	/usr/lib/libcups.2.dylib
0x000000000b0bc000 	/System/Library/Frameworks/Kerberos.framework/Versions/A/Kerberos
0x000000000b0bc000 	/System/Library/Frameworks/GSS.framework/Versions/A/GSS
0x000000000b0bc000 	/usr/lib/libresolv.9.dylib
0x000000000b0bc000 	/usr/lib/libiconv.2.dylib
0x000000000b0bc000 	/System/Library/PrivateFrameworks/Heimdal.framework/Versions/A/Heimdal
0x000000000b0bc000 	/usr/lib/libheimdal-asn1.dylib
0x000000000b0bc000 	/System/Library/Frameworks/OpenDirectory.framework/Versions/A/OpenDirectory
0x000000000b0bc000 	/System/Library/PrivateFrameworks/CommonAuth.framework/Versions/A/CommonAuth
0x000000000b0bc000 	/System/Library/Frameworks/OpenDirectory.framework/Versions/A/Frameworks/CFOpenDirectory.framework/Versions/A/CFOpenDirectory
0x000000000b0bc000 	/System/Library/Frameworks/SecurityFoundation.framework/Versions/A/SecurityFoundation
0x000000000b0bc000 	/System/Library/PrivateFrameworks/LanguageModeling.framework/Versions/A/LanguageModeling
0x000000000b0bc000 	/usr/lib/libmarisa.dylib
0x000000000b0bc000 	/usr/lib/libChineseTokenizer.dylib
0x000000000b0bc000 	/usr/lib/libcmph.dylib
0x000000000b0bc000 	/System/Library/Frameworks/ServiceManagement.framework/Versions/A/ServiceManagement
0x000000000b0bc000 	/usr/lib/libxslt.1.dylib
0x000000000b0bc000 	/System/Library/Frameworks/Carbon.framework/Versions/A/Frameworks/Ink.framework/Versions/A/Ink
0x000000000b0bc000 	/usr/lib/libFosl_dynamic.dylib
0x000000000b0bc000 	/System/Library/PrivateFrameworks/FaceCore.framework/Versions/A/FaceCore
0x000000000b0bc000 	/System/Library/Frameworks/OpenCL.framework/Versions/A/OpenCL
0x000000000b0bc000 	/System/Library/PrivateFrameworks/CrashReporterSupport.framework/Versions/A/CrashReporterSupport
0x000000000b0bc000 	/System/Library/PrivateFrameworks/IconServices.framework/Versions/A/IconServices
0x000000000b0bc000 	/System/Library/PrivateFrameworks/Apple80211.framework/Versions/A/Apple80211
0x000000000b0bc000 	/System/Library/Frameworks/CoreWLAN.framework/Versions/A/CoreWLAN
0x000000000b0bc000 	/System/Library/Frameworks/IOBluetooth.framework/Versions/A/IOBluetooth
0x000000000b0bc000 	/System/Library/PrivateFrameworks/CoreWiFi.framework/Versions/A/CoreWiFi
0x000000000b0bc000 	/System/Library/Frameworks/CoreBluetooth.framework/Versions/A/CoreBluetooth
0x000000000b0bc000 	/System/Library/PrivateFrameworks/ChunkingLibrary.framework/Versions/A/ChunkingLibrary
0x000000000b0bc000 	/System/Library/PrivateFrameworks/DebugSymbols.framework/Versions/A/DebugSymbols
0x000000000b0bc000 	/System/Library/PrivateFrameworks/CoreSymbolication.framework/Versions/A/CoreSymbolication
0x000000000b0bc000 	/System/Library/PrivateFrameworks/Symbolication.framework/Versions/A/Symbolication
0x000000000b0bc000 	/System/Library/PrivateFrameworks/SpeechRecognitionCore.framework/Versions/A/SpeechRecognitionCore
0x0000000104390000 	/System/Library/CoreServices/Encodings/libSimplifiedChineseConverter.dylib
0x0000000104c00000 	/Library/Java/JavaVirtualMachines/jdk1.8.0_112.jdk/Contents/Home/jre/lib/server/libjvm.dylib
0x000000000b0bc000 	/usr/lib/libstdc++.6.dylib
0x00000001043d8000 	/Library/Java/JavaVirtualMachines/jdk1.8.0_112.jdk/Contents/Home/jre/lib/libverify.dylib
0x0000000105ba2000 	/Library/Java/JavaVirtualMachines/jdk1.8.0_112.jdk/Contents/Home/jre/lib/libjava.dylib
0x0000000105bd7000 	/Library/Java/JavaVirtualMachines/jdk1.8.0_112.jdk/Contents/Home/jre/lib/libinstrument.dylib
0x00000001043f1000 	/Library/Java/JavaVirtualMachines/jdk1.8.0_112.jdk/Contents/Home/jre/lib/libzip.dylib
0x0000000116ac5000 	/System/Library/Frameworks/JavaVM.framework/Frameworks/JavaRuntimeSupport.framework/JavaRuntimeSupport
0x0000000116ae0000 	/System/Library/Frameworks/JavaVM.framework/Versions/A/Frameworks/JavaNativeFoundation.framework/Versions/A/JavaNativeFoundation
0x0000000116af5000 	/System/Library/Frameworks/JavaVM.framework/Versions/A/JavaVM
0x000000000b0bc000 	/System/Library/Frameworks/Carbon.framework/Versions/A/Carbon
0x0000000116b02000 	/System/Library/PrivateFrameworks/JavaLaunching.framework/Versions/A/JavaLaunching
0x000000000b0bc000 	/System/Library/Frameworks/Carbon.framework/Versions/A/Frameworks/CommonPanels.framework/Versions/A/CommonPanels
0x000000000b0bc000 	/System/Library/Frameworks/Carbon.framework/Versions/A/Frameworks/Help.framework/Versions/A/Help
0x000000000b0bc000 	/System/Library/Frameworks/Carbon.framework/Versions/A/Frameworks/ImageCapture.framework/Versions/A/ImageCapture
0x000000000b0bc000 	/System/Library/Frameworks/Carbon.framework/Versions/A/Frameworks/OpenScripting.framework/Versions/A/OpenScripting
0x000000000b0bc000 	/System/Library/Frameworks/Carbon.framework/Versions/A/Frameworks/Print.framework/Versions/A/Print
0x000000000b0bc000 	/System/Library/Frameworks/Carbon.framework/Versions/A/Frameworks/SecurityHI.framework/Versions/A/SecurityHI
0x0000000118587000 	/Library/Java/JavaVirtualMachines/jdk1.8.0_112.jdk/Contents/Home/jre/lib/libnet.dylib

VM Arguments:
jvm_args: -Xms5m -Xmx5m -XX:+HeapDumpOnOutOfMemoryError -javaagent:/Applications/IntelliJ IDEA.app/Contents/lib/idea_rt.jar=50189:/Applications/IntelliJ IDEA.app/Contents/bin -Dfile.encoding=UTF-8 
java_command: com.shengsiyuan.jvm.memory.MyTest1
java_class_path (initial): /Library/Java/JavaVirtualMachines/jdk1.8.0_112.jdk/Contents/Home/jre/lib/charsets.jar:/Library/Java/JavaVirtualMachines/jdk1.8.0_112.jdk/Contents/Home/jre/lib/deploy.jar:/Library/Java/JavaVirtualMachines/jdk1.8.0_112.jdk/Contents/Home/jre/lib/ext/cldrdata.jar:/Library/Java/JavaVirtualMachines/jdk1.8.0_112.jdk/Contents/Home/jre/lib/ext/dnsns.jar:/Library/Java/JavaVirtualMachines/jdk1.8.0_112.jdk/Contents/Home/jre/lib/ext/jaccess.jar:/Library/Java/JavaVirtualMachines/jdk1.8.0_112.jdk/Contents/Home/jre/lib/ext/jfxrt.jar:/Library/Java/JavaVirtualMachines/jdk1.8.0_112.jdk/Contents/Home/jre/lib/ext/localedata.jar:/Library/Java/JavaVirtualMachines/jdk1.8.0_112.jdk/Contents/Home/jre/lib/ext/nashorn.jar:/Library/Java/JavaVirtualMachines/jdk1.8.0_112.jdk/Contents/Home/jre/lib/ext/sunec.jar:/Library/Java/JavaVirtualMachines/jdk1.8.0_112.jdk/Contents/Home/jre/lib/ext/sunjce_provider.jar:/Library/Java/JavaVirtualMachines/jdk1.8.0_112.jdk/Contents/Home/jre/lib/ext/sunpkcs11.jar:/Library/Java/JavaVirtualMachines/jdk1.8.0_112.jdk/Contents/Home/jre/lib/ext/zipfs.jar:/Library/Java/JavaVirtualMachines/jdk1.8.0_112.jdk/Contents/Home/jre/lib/javaws.jar:/Library/Java/JavaVirtualMachines/jdk1.8.0_112.jdk/Contents/Home/jre/lib/jce.jar:/Library/Java/JavaVirtualMachines/jdk1.8.0_112.jdk/Contents/Home/jre/lib/jfr.jar:/Library/Java/JavaVirtualMachines/jdk1.8.0_112.jdk/Contents/Home/jre/lib/jfxswt.jar:/Library/Java/JavaVirtualMachines/jdk1.8.0_112.jdk/Contents/Home/jre/lib/jsse.jar:/Library/Java/JavaVirtualMachines/jdk1.8.0_112.jdk/Contents/Home/jre/lib/management-agent.jar:/Library/Java/JavaVirtualMachines/jdk1.8.0_112.jdk/Contents/Home/jre/lib/plugin.jar:/Library/Java/JavaVirtualMachines/jdk1.8.0_112.jdk/Contents/Home/jre/lib/resources.jar:/Library/Java/JavaVirtualMachines/jdk1.8.0_112.jdk/Contents/Home/jre/lib/rt.jar:/Library/Java/JavaVirtualMachines/jdk1.8.0_112.jdk/Contents/Home/lib/ant-javafx.jar:/Library/Java/JavaVirtualMachines/jdk1.8.0_112.jdk/Contents/Home
Launcher Type: SUN_STANDARD

Environment Variables:
PATH=/usr/local/bin:/usr/bin:/bin:/usr/sbin:/sbin
SHELL=/bin/zsh

Signal Handlers:
SIGSEGV: [libjvm.dylib+0x5b11a5], sa_mask[0]=11111111011111110111111111111111, sa_flags=SA_ONSTACK|SA_RESTART|SA_SIGINFO
SIGBUS: [libjvm.dylib+0x5b11a5], sa_mask[0]=11111111011111110111111111111111, sa_flags=SA_RESTART|SA_SIGINFO
SIGFPE: [libjvm.dylib+0x487dc0], sa_mask[0]=11111111011111110111111111111111, sa_flags=SA_RESTART|SA_SIGINFO
SIGPIPE: [libjvm.dylib+0x487dc0], sa_mask[0]=11111111011111110111111111111111, sa_flags=SA_RESTART|SA_SIGINFO
SIGXFSZ: [libjvm.dylib+0x487dc0], sa_mask[0]=11111111011111110111111111111111, sa_flags=SA_RESTART|SA_SIGINFO
SIGILL: [libjvm.dylib+0x487dc0], sa_mask[0]=11111111011111110111111111111111, sa_flags=SA_RESTART|SA_SIGINFO
SIGUSR1: SIG_DFL, sa_mask[0]=00000000000000000000000000000000, sa_flags=none
SIGUSR2: [libjvm.dylib+0x4878de], sa_mask[0]=00100000000000000000000000000000, sa_flags=SA_RESTART|SA_SIGINFO
SIGHUP: [libjvm.dylib+0x485eb5], sa_mask[0]=11111111011111110111111111111111, sa_flags=SA_RESTART|SA_SIGINFO
SIGINT: [libjvm.dylib+0x485eb5], sa_mask[0]=11111111011111110111111111111111, sa_flags=SA_RESTART|SA_SIGINFO
SIGTERM: [libjvm.dylib+0x485eb5], sa_mask[0]=11111111011111110111111111111111, sa_flags=SA_RESTART|SA_SIGINFO
SIGQUIT: [libjvm.dylib+0x485eb5], sa_mask[0]=11111111011111110111111111111111, sa_flags=SA_RESTART|SA_SIGINFO


---------------  S Y S T E M  ---------------

OS:Bsduname:Darwin 15.6.0 Darwin Kernel Version 15.6.0: Mon Aug 29 20:21:34 PDT 2016; root:xnu-3248.60.11~1/RELEASE_X86_64 x86_64
rlimit: STACK 8192k, CORE 0k, NPROC 709, NOFILE 10240, AS infinity
load average:2.70 2.09 1.99

CPU:total 4 (2 cores per cpu, 2 threads per core) family 6 model 61 stepping 4, cmov, cx8, fxsr, mmx, sse, sse2, sse3, ssse3, sse4.1, sse4.2, popcnt, avx, avx2, aes, clmul, erms, 3dnowpref, lzcnt, ht, tsc, tscinvbit, bmi1, bmi2, adx

Memory: 4k page, physical 8388608k(94912k free)

/proc/meminfo:


vm_info: Java HotSpot(TM) 64-Bit Server VM (25.112-b16) for bsd-amd64 JRE (1.8.0_112-b16), built on Sep 30 2016 22:41:41 by "java_re" with gcc 4.2.1 (Based on Apple Inc. build 5658) (LLVM build 2336.11.00)

time: Sat Mar 16 20:56:15 2019
elapsed time: 2 seconds (0d 0h 0m 2s)

